2025-05-19 12:28:34,014 - INFO - === SPX Volume Monitor Started ===
2025-05-19 12:28:38,141 - INFO - --- Starting monitoring cycle ---
2025-05-19 12:28:38,161 - INFO - Reading data from spx_vol.csv
2025-05-19 12:28:38,174 - INFO - Filtering strikes between 5876.55 and 6055.53
2025-05-19 12:28:41,058 - INFO - Chart saved to output/spx_volume_20250519_122839.png
2025-05-19 12:28:41,059 - INFO - Posting to Discord: output/spx_volume_20250519_122839.png
2025-05-19 12:28:41,650 - INFO - --- Cycle completed, waiting for next run ---
2025-05-19 12:33:41,654 - INFO - --- Starting monitoring cycle ---
2025-05-19 12:33:41,656 - INFO - Reading data from spx_vol.csv
2025-05-19 12:33:41,679 - INFO - Filtering strikes between 5875.60 and 6054.56
2025-05-19 12:33:44,340 - INFO - Chart saved to output/spx_volume_20250519_123343.png
2025-05-19 12:33:44,341 - INFO - Posting to Discord: output/spx_volume_20250519_123343.png
2025-05-19 12:33:44,894 - INFO - --- Cycle completed, waiting for next run ---
2025-05-19 12:38:44,897 - INFO - --- Starting monitoring cycle ---
2025-05-19 12:38:44,898 - INFO - Reading data from spx_vol.csv
2025-05-19 12:38:44,912 - INFO - Filtering strikes between 5875.47 and 6054.41
2025-05-19 12:38:47,223 - INFO - Chart saved to output/spx_volume_20250519_123846.png
2025-05-19 12:38:47,224 - INFO - Posting to Discord: output/spx_volume_20250519_123846.png
2025-05-19 12:38:47,847 - INFO - --- Cycle completed, waiting for next run ---
2025-05-19 12:43:47,853 - INFO - --- Starting monitoring cycle ---
2025-05-19 13:06:13,021 - INFO - Reading data from spx_vol.csv
2025-05-19 13:06:13,044 - INFO - Filtering strikes between 5867.82 and 6046.54
2025-05-19 13:06:14,564 - INFO - Chart saved to output/spx_volume_20250519_130613.png
2025-05-19 13:06:14,565 - INFO - Posting to Discord: output/spx_volume_20250519_130613.png
2025-05-19 13:06:15,036 - INFO - --- Cycle completed, waiting for next run ---
2025-05-19 13:11:15,037 - INFO - --- Starting monitoring cycle ---
2025-05-19 13:11:15,037 - INFO - Reading data from spx_vol.csv
2025-05-19 13:11:15,057 - INFO - Filtering strikes between 5865.78 and 6044.44
2025-05-19 13:11:17,759 - INFO - Chart saved to output/spx_volume_20250519_131116.png
2025-05-19 13:11:17,760 - INFO - Posting to Discord: output/spx_volume_20250519_131116.png
2025-05-19 13:11:18,267 - INFO - --- Cycle completed, waiting for next run ---
2025-05-19 13:16:18,281 - INFO - --- Starting monitoring cycle ---
2025-05-19 13:16:18,282 - INFO - Reading data from spx_vol.csv
2025-05-19 13:16:18,296 - INFO - Filtering strikes between 5862.81 and 6041.37
2025-05-19 13:16:20,289 - INFO - Chart saved to output/spx_volume_20250519_131619.png
2025-05-19 13:16:20,290 - INFO - Posting to Discord: output/spx_volume_20250519_131619.png
2025-05-19 13:16:20,796 - INFO - --- Cycle completed, waiting for next run ---
2025-05-19 13:21:20,816 - INFO - --- Starting monitoring cycle ---
2025-05-19 13:21:20,820 - INFO - Reading data from spx_vol.csv
2025-05-19 13:21:20,831 - INFO - Filtering strikes between 5859.81 and 6038.29
2025-05-19 13:21:33,324 - INFO - Chart saved to output/spx_volume_20250519_132124.png
2025-05-19 13:21:33,332 - INFO - Posting to Discord: output/spx_volume_20250519_132124.png
2025-05-19 13:21:33,908 - INFO - --- Cycle completed, waiting for next run ---
2025-05-19 13:26:33,930 - INFO - --- Starting monitoring cycle ---
2025-05-19 13:26:33,930 - INFO - Reading data from spx_vol.csv
2025-05-19 13:26:33,944 - INFO - Filtering strikes between 5864.62 and 6043.24
2025-05-19 13:26:46,098 - INFO - Chart saved to output/spx_volume_20250519_132637.png
2025-05-19 13:26:46,115 - INFO - Posting to Discord: output/spx_volume_20250519_132637.png
2025-05-19 13:26:46,766 - INFO - --- Cycle completed, waiting for next run ---
2025-05-19 13:31:46,785 - INFO - --- Starting monitoring cycle ---
2025-05-19 13:31:46,788 - INFO - Reading data from spx_vol.csv
2025-05-19 13:31:46,815 - INFO - Filtering strikes between 5861.03 and 6039.53
2025-05-19 13:31:53,953 - INFO - Chart saved to output/spx_volume_20250519_133148.png
2025-05-19 13:31:53,955 - INFO - Posting to Discord: output/spx_volume_20250519_133148.png
2025-05-19 13:31:54,530 - INFO - --- Cycle completed, waiting for next run ---
2025-05-19 13:36:54,547 - INFO - --- Starting monitoring cycle ---
2025-05-19 13:36:54,549 - INFO - Reading data from spx_vol.csv
2025-05-19 13:36:54,563 - INFO - Filtering strikes between 5866.65 and 6045.33
2025-05-19 13:37:02,223 - INFO - Chart saved to output/spx_volume_20250519_133656.png
2025-05-19 13:37:02,331 - INFO - Posting to Discord: output/spx_volume_20250519_133656.png
2025-05-19 13:37:02,965 - INFO - --- Cycle completed, waiting for next run ---
2025-05-19 13:42:02,986 - INFO - --- Starting monitoring cycle ---
2025-05-19 13:42:02,987 - INFO - Reading data from spx_vol.csv
2025-05-19 13:42:03,001 - INFO - Filtering strikes between 5868.04 and 6046.76
2025-05-19 13:42:04,978 - INFO - Chart saved to output/spx_volume_20250519_134203.png
2025-05-19 13:42:04,978 - INFO - Posting to Discord: output/spx_volume_20250519_134203.png
2025-05-19 13:42:05,618 - INFO - --- Cycle completed, waiting for next run ---
2025-05-19 13:47:05,636 - INFO - --- Starting monitoring cycle ---
2025-05-19 13:47:05,636 - INFO - Reading data from spx_vol.csv
2025-05-19 13:47:05,648 - INFO - Filtering strikes between 5864.55 and 6043.17
2025-05-19 13:47:09,216 - INFO - Chart saved to output/spx_volume_20250519_134707.png
2025-05-19 13:47:09,217 - INFO - Posting to Discord: output/spx_volume_20250519_134707.png
2025-05-19 13:47:10,123 - INFO - --- Cycle completed, waiting for next run ---
2025-05-19 13:52:10,134 - INFO - --- Starting monitoring cycle ---
2025-05-19 13:52:10,134 - INFO - Reading data from spx_vol.csv
2025-05-19 13:52:10,143 - INFO - Filtering strikes between 5865.49 and 6044.13
2025-05-19 13:52:12,913 - INFO - Chart saved to output/spx_volume_20250519_135210.png
2025-05-19 13:52:12,914 - INFO - Posting to Discord: output/spx_volume_20250519_135210.png
2025-05-19 13:52:13,474 - INFO - --- Cycle completed, waiting for next run ---
2025-05-19 13:57:13,488 - INFO - --- Starting monitoring cycle ---
2025-05-19 13:57:13,489 - INFO - Reading data from spx_vol.csv
2025-05-19 13:57:13,496 - INFO - Filtering strikes between 5865.97 and 6044.63
2025-05-19 13:57:16,427 - INFO - Chart saved to output/spx_volume_20250519_135713.png
2025-05-19 13:57:16,427 - INFO - Posting to Discord: output/spx_volume_20250519_135713.png
2025-05-19 13:57:16,905 - INFO - --- Cycle completed, waiting for next run ---
2025-05-19 14:02:16,918 - INFO - --- Starting monitoring cycle ---
2025-05-19 14:02:16,948 - INFO - Reading data from spx_vol.csv
2025-05-19 14:02:16,974 - INFO - Filtering strikes between 5866.99 and 6045.69
2025-05-19 14:02:32,924 - INFO - Chart saved to output/spx_volume_20250519_140218.png
2025-05-19 14:02:32,980 - INFO - Posting to Discord: output/spx_volume_20250519_140218.png
2025-05-19 14:02:33,840 - INFO - --- Cycle completed, waiting for next run ---
2025-05-19 14:07:33,850 - INFO - --- Starting monitoring cycle ---
2025-05-19 14:07:33,852 - INFO - Reading data from spx_vol.csv
2025-05-19 14:07:33,883 - INFO - Filtering strikes between 5866.18 and 6044.84
2025-05-19 14:07:35,878 - INFO - Chart saved to output/spx_volume_20250519_140734.png
2025-05-19 14:07:35,879 - INFO - Posting to Discord: output/spx_volume_20250519_140734.png
2025-05-19 14:07:36,397 - INFO - --- Cycle completed, waiting for next run ---
2025-05-19 14:12:36,405 - INFO - --- Starting monitoring cycle ---
2025-05-19 14:12:36,406 - INFO - Reading data from spx_vol.csv
2025-05-19 14:12:36,422 - INFO - Filtering strikes between 5864.32 and 6042.92
2025-05-19 14:12:38,702 - INFO - Chart saved to output/spx_volume_20250519_141237.png
2025-05-19 14:12:38,702 - INFO - Posting to Discord: output/spx_volume_20250519_141237.png
2025-05-19 14:12:39,230 - INFO - --- Cycle completed, waiting for next run ---
2025-05-19 14:17:39,238 - INFO - --- Starting monitoring cycle ---
2025-05-19 14:17:39,239 - INFO - Reading data from spx_vol.csv
2025-05-19 14:17:39,256 - INFO - Filtering strikes between 5861.30 and 6039.82
2025-05-19 14:17:41,240 - INFO - Chart saved to output/spx_volume_20250519_141740.png
2025-05-19 14:17:41,241 - INFO - Posting to Discord: output/spx_volume_20250519_141740.png
2025-05-19 14:17:41,870 - INFO - --- Cycle completed, waiting for next run ---
2025-05-19 14:22:41,877 - INFO - --- Starting monitoring cycle ---
2025-05-19 14:22:41,877 - INFO - Reading data from spx_vol.csv
2025-05-19 14:22:41,891 - INFO - Filtering strikes between 5862.19 and 6040.73
2025-05-19 14:22:44,181 - INFO - Chart saved to output/spx_volume_20250519_142243.png
2025-05-19 14:22:44,182 - INFO - Posting to Discord: output/spx_volume_20250519_142243.png
2025-05-19 14:22:44,898 - INFO - --- Cycle completed, waiting for next run ---
2025-05-19 14:27:44,904 - INFO - --- Starting monitoring cycle ---
2025-05-19 14:27:44,905 - INFO - Reading data from spx_vol.csv
2025-05-19 14:27:44,917 - INFO - Filtering strikes between 5857.44 and 6035.84
2025-05-19 14:27:46,984 - INFO - Chart saved to output/spx_volume_20250519_142745.png
2025-05-19 14:27:46,985 - INFO - Posting to Discord: output/spx_volume_20250519_142745.png
2025-05-19 14:27:47,677 - INFO - --- Cycle completed, waiting for next run ---
2025-05-19 14:32:47,684 - INFO - --- Starting monitoring cycle ---
2025-05-19 14:32:47,685 - INFO - Reading data from spx_vol.csv
2025-05-19 14:32:47,698 - INFO - Filtering strikes between 5861.38 and 6039.90
2025-05-19 14:32:50,474 - INFO - Chart saved to output/spx_volume_20250519_143249.png
2025-05-19 14:32:50,475 - INFO - Posting to Discord: output/spx_volume_20250519_143249.png
2025-05-19 14:32:51,000 - INFO - --- Cycle completed, waiting for next run ---
2025-05-19 14:37:51,009 - INFO - --- Starting monitoring cycle ---
2025-05-19 14:37:51,010 - INFO - Reading data from spx_vol.csv
2025-05-19 14:37:51,015 - INFO - Filtering strikes between 5860.52 and 6039.02
2025-05-19 14:37:53,134 - INFO - Chart saved to output/spx_volume_20250519_143752.png
2025-05-19 14:37:53,134 - INFO - Posting to Discord: output/spx_volume_20250519_143752.png
2025-05-19 14:37:53,973 - INFO - --- Cycle completed, waiting for next run ---
2025-05-19 14:42:53,978 - INFO - --- Starting monitoring cycle ---
2025-05-19 14:42:53,979 - INFO - Reading data from spx_vol.csv
2025-05-19 14:42:54,002 - INFO - Filtering strikes between 5861.08 and 6039.58
2025-05-19 14:42:56,016 - INFO - Chart saved to output/spx_volume_20250519_144255.png
2025-05-19 14:42:56,016 - INFO - Posting to Discord: output/spx_volume_20250519_144255.png
2025-05-19 14:42:56,592 - INFO - --- Cycle completed, waiting for next run ---
2025-05-19 14:47:56,600 - INFO - --- Starting monitoring cycle ---
2025-05-19 14:47:56,601 - INFO - Reading data from spx_vol.csv
2025-05-19 14:47:56,614 - INFO - Filtering strikes between 5863.93 and 6042.53
2025-05-19 14:47:58,787 - INFO - Chart saved to output/spx_volume_20250519_144757.png
2025-05-19 14:47:58,788 - INFO - Posting to Discord: output/spx_volume_20250519_144757.png
2025-05-19 14:47:59,512 - INFO - --- Cycle completed, waiting for next run ---
2025-05-19 14:52:59,517 - INFO - --- Starting monitoring cycle ---
2025-05-19 14:52:59,518 - INFO - Reading data from spx_vol.csv
2025-05-19 14:52:59,535 - INFO - Filtering strikes between 5869.44 and 6048.20
2025-05-19 14:53:02,120 - INFO - Chart saved to output/spx_volume_20250519_145300.png
2025-05-19 14:53:02,120 - INFO - Posting to Discord: output/spx_volume_20250519_145300.png
2025-05-19 14:53:02,754 - INFO - --- Cycle completed, waiting for next run ---
2025-05-19 14:58:02,758 - INFO - --- Starting monitoring cycle ---
2025-05-19 14:58:02,759 - INFO - Reading data from spx_vol.csv
2025-05-19 14:58:02,779 - INFO - Filtering strikes between 5872.36 and 6051.22
2025-05-19 14:58:05,128 - INFO - Chart saved to output/spx_volume_20250519_145803.png
2025-05-19 14:58:05,128 - INFO - Posting to Discord: output/spx_volume_20250519_145803.png
2025-05-19 14:58:05,932 - INFO - --- Cycle completed, waiting for next run ---
2025-05-19 15:03:05,935 - INFO - --- Starting monitoring cycle ---
2025-05-19 15:03:05,936 - INFO - Reading data from spx_vol.csv
2025-05-19 15:03:05,957 - INFO - Filtering strikes between 5874.15 and 6053.05
2025-05-19 15:03:08,325 - INFO - Chart saved to output/spx_volume_20250519_150307.png
2025-05-19 15:03:08,326 - INFO - Posting to Discord: output/spx_volume_20250519_150307.png
2025-05-19 15:03:10,082 - INFO - --- Cycle completed, waiting for next run ---
2025-05-19 15:08:10,088 - INFO - --- Starting monitoring cycle ---
2025-05-19 15:08:10,089 - INFO - Reading data from spx_vol.csv
2025-05-19 15:08:10,096 - INFO - Filtering strikes between 5874.15 and 6053.05
2025-05-19 15:08:11,892 - INFO - Chart saved to output/spx_volume_20250519_150810.png
2025-05-19 15:08:11,902 - INFO - Posting to Discord: output/spx_volume_20250519_150810.png
2025-05-19 15:08:13,029 - INFO - --- Cycle completed, waiting for next run ---
2025-05-19 21:40:16,639 - INFO - === SPX Volume Monitor Started ===
2025-05-19 21:40:16,639 - INFO - --- Starting monitoring cycle ---
2025-05-19 21:40:16,647 - INFO - Reading data from spx_vol.csv
2025-05-19 21:40:16,654 - INFO - Filtering strikes between 5874.15 and 6053.05
2025-05-19 21:40:16,655 - ERROR - Error processing data: x must be increasing if s > 0
Traceback (most recent call last):
  File "E:\GEX\GitHub\Gex-Repository\spxvolbar3axes.py", line 83, in process_data
    spline = UnivariateSpline(strikes, net_vol, s=5)  # net_vol es ahora TotalVol
  File "C:\Users\User\AppData\Local\Programs\Python\Python313\Lib\site-packages\scipy\interpolate\_fitpack2.py", line 238, in __init__
    x, y, w, bbox, self.ext = self.validate_input(x, y, w, bbox, k, s, ext,
                              ~~~~~~~~~~~~~~~~~~~^^^^^^^^^^^^^^^^^^^^^^^^^^
                                                  check_finite)
                                                  ^^^^^^^^^^^^^
  File "C:\Users\User\AppData\Local\Programs\Python\Python313\Lib\site-packages\scipy\interpolate\_fitpack2.py", line 264, in validate_input
    raise ValueError("x must be increasing if s > 0")
ValueError: x must be increasing if s > 0
2025-05-19 21:40:16,658 - WARNING - No image generated to post to Discord
2025-05-19 21:40:16,658 - INFO - --- Cycle completed, waiting for next run ---
2025-05-19 21:42:48,627 - INFO - === SPX Volume Monitor Started ===
2025-05-19 21:42:48,627 - INFO - --- Starting monitoring cycle ---
2025-05-19 21:42:48,634 - INFO - Reading data from spx_vol.csv
2025-05-19 21:42:48,641 - INFO - Filtering strikes between 5874.15 and 6053.05
2025-05-19 21:42:50,089 - INFO - Chart saved to output/spx_volume_20250519_214249.png
2025-05-19 21:42:50,090 - INFO - Posting to Discord: output/spx_volume_20250519_214249.png
2025-05-19 21:42:50,542 - INFO - --- Cycle completed, waiting for next run ---
2025-05-19 21:45:16,659 - INFO - --- Starting monitoring cycle ---
2025-05-19 21:45:16,660 - INFO - Reading data from spx_vol.csv
2025-05-19 21:45:16,666 - INFO - Filtering strikes between 5874.15 and 6053.05
2025-05-19 21:45:16,668 - ERROR - Error processing data: x must be increasing if s > 0
Traceback (most recent call last):
  File "E:\GEX\GitHub\Gex-Repository\spxvolbar3axes.py", line 83, in process_data
    # Ordenar los strikes y el volumen neto por strike
  File "C:\Users\User\AppData\Local\Programs\Python\Python313\Lib\site-packages\scipy\interpolate\_fitpack2.py", line 238, in __init__
    x, y, w, bbox, self.ext = self.validate_input(x, y, w, bbox, k, s, ext,
                              ~~~~~~~~~~~~~~~~~~~^^^^^^^^^^^^^^^^^^^^^^^^^^
                                                  check_finite)
                                                  ^^^^^^^^^^^^^
  File "C:\Users\User\AppData\Local\Programs\Python\Python313\Lib\site-packages\scipy\interpolate\_fitpack2.py", line 264, in validate_input
    raise ValueError("x must be increasing if s > 0")
ValueError: x must be increasing if s > 0
2025-05-19 21:45:16,670 - WARNING - No image generated to post to Discord
2025-05-19 21:45:16,671 - INFO - --- Cycle completed, waiting for next run ---
2025-05-19 21:45:54,885 - INFO - === SPX Volume Monitor Started ===
2025-05-19 21:45:54,885 - INFO - --- Starting monitoring cycle ---
2025-05-19 21:45:54,892 - INFO - Reading data from spx_vol.csv
2025-05-19 21:45:54,899 - INFO - Filtering strikes between 5874.15 and 6053.05
2025-05-19 21:45:54,901 - ERROR - Error processing data: name 'spot' is not defined
Traceback (most recent call last):
  File "E:\GEX\GitHub\Gex-Repository\spxvolbar3axes.py", line 97, in process_data
    zero_cross_strike = min(roots, key=lambda x: abs(x - spot))
  File "E:\GEX\GitHub\Gex-Repository\spxvolbar3axes.py", line 97, in <lambda>
    zero_cross_strike = min(roots, key=lambda x: abs(x - spot))
                                                         ^^^^
NameError: name 'spot' is not defined
2025-05-19 21:45:54,903 - WARNING - No image generated to post to Discord
2025-05-19 21:45:54,904 - INFO - --- Cycle completed, waiting for next run ---
2025-05-19 21:46:56,397 - INFO - === SPX Volume Monitor Started ===
2025-05-19 21:46:56,397 - INFO - --- Starting monitoring cycle ---
2025-05-19 21:46:56,404 - INFO - Reading data from spx_vol.csv
2025-05-19 21:46:56,411 - INFO - Filtering strikes between 5874.15 and 6053.05
2025-05-19 21:46:57,944 - INFO - Chart saved to output/spx_volume_20250519_214656.png
2025-05-19 21:46:57,945 - INFO - Posting to Discord: output/spx_volume_20250519_214656.png
2025-05-19 21:46:58,410 - INFO - --- Cycle completed, waiting for next run ---
2025-05-19 21:50:16,672 - INFO - --- Starting monitoring cycle ---
2025-05-19 21:50:16,673 - INFO - Reading data from spx_vol.csv
2025-05-19 21:50:16,685 - INFO - Filtering strikes between 5874.15 and 6053.05
2025-05-19 21:50:16,687 - ERROR - Error processing data: x must be increasing if s > 0
Traceback (most recent call last):
  File "E:\GEX\GitHub\Gex-Repository\spxvolbar3axes.py", line 83, in process_data
    # Ordenar los strikes y el volumen neto por strike
  File "C:\Users\User\AppData\Local\Programs\Python\Python313\Lib\site-packages\scipy\interpolate\_fitpack2.py", line 238, in __init__
    x, y, w, bbox, self.ext = self.validate_input(x, y, w, bbox, k, s, ext,
                              ~~~~~~~~~~~~~~~~~~~^^^^^^^^^^^^^^^^^^^^^^^^^^
                                                  check_finite)
                                                  ^^^^^^^^^^^^^
  File "C:\Users\User\AppData\Local\Programs\Python\Python313\Lib\site-packages\scipy\interpolate\_fitpack2.py", line 264, in validate_input
    raise ValueError("x must be increasing if s > 0")
ValueError: x must be increasing if s > 0
2025-05-19 21:50:16,691 - WARNING - No image generated to post to Discord
2025-05-19 21:50:16,693 - INFO - --- Cycle completed, waiting for next run ---
2025-05-19 21:51:33,852 - INFO - === SPX Volume Monitor Started ===
2025-05-19 21:51:33,852 - INFO - --- Starting monitoring cycle ---
2025-05-19 21:51:33,859 - INFO - Reading data from spx_vol.csv
2025-05-19 21:51:33,866 - INFO - Filtering strikes between 5874.15 and 6053.05
2025-05-19 21:51:34,143 - ERROR - Error processing data: name 'TotalVol' is not defined
Traceback (most recent call last):
  File "E:\GEX\GitHub\Gex-Repository\spxvolbar3axes.py", line 174, in process_data
    ymin = min(TotalVol)
               ^^^^^^^^
NameError: name 'TotalVol' is not defined
2025-05-19 21:51:34,146 - WARNING - No image generated to post to Discord
2025-05-19 21:51:34,146 - INFO - --- Cycle completed, waiting for next run ---
2025-05-19 21:53:28,321 - INFO - === SPX Volume Monitor Started ===
2025-05-19 21:53:28,321 - INFO - --- Starting monitoring cycle ---
2025-05-19 21:53:28,328 - INFO - Reading data from spx_vol.csv
2025-05-19 21:53:28,335 - INFO - Filtering strikes between 5874.15 and 6053.05
2025-05-19 21:53:29,682 - INFO - Chart saved to output/spx_volume_20250519_215328.png
2025-05-19 21:53:29,682 - INFO - Posting to Discord: output/spx_volume_20250519_215328.png
2025-05-19 21:53:30,328 - INFO - --- Cycle completed, waiting for next run ---
2025-05-19 21:56:17,202 - INFO - === SPX Volume Monitor Started ===
2025-05-19 21:56:17,202 - INFO - --- Starting monitoring cycle ---
2025-05-19 21:56:17,210 - INFO - Reading data from spx_vol.csv
2025-05-19 21:56:17,216 - INFO - Filtering strikes between 5874.15 and 6053.05
2025-05-19 21:56:18,547 - INFO - Chart saved to output/spx_volume_20250519_215617.png
2025-05-19 21:56:18,548 - INFO - Posting to Discord: output/spx_volume_20250519_215617.png
2025-05-19 21:56:19,130 - INFO - --- Cycle completed, waiting for next run ---
2025-05-19 21:56:34,148 - INFO - --- Starting monitoring cycle ---
2025-05-19 21:56:34,148 - INFO - Reading data from spx_vol.csv
2025-05-19 21:56:34,155 - INFO - Filtering strikes between 5874.15 and 6053.05
2025-05-19 21:56:34,418 - ERROR - Error processing data: name 'TotalVol' is not defined
Traceback (most recent call last):
  File "E:\GEX\GitHub\Gex-Repository\spxvolbar3axes.py", line 174, in process_data
NameError: name 'TotalVol' is not defined
2025-05-19 21:56:34,421 - WARNING - No image generated to post to Discord
2025-05-19 21:56:34,421 - INFO - --- Cycle completed, waiting for next run ---
2025-05-19 21:58:30,329 - INFO - --- Starting monitoring cycle ---
2025-05-19 21:58:30,329 - INFO - Reading data from spx_vol.csv
2025-05-19 21:58:30,340 - INFO - Filtering strikes between 5874.15 and 6053.05
2025-05-19 21:58:32,572 - INFO - Chart saved to output/spx_volume_20250519_215830.png
2025-05-19 21:58:32,572 - INFO - Posting to Discord: output/spx_volume_20250519_215830.png
2025-05-19 21:58:33,485 - INFO - --- Cycle completed, waiting for next run ---
2025-05-19 21:59:50,168 - INFO - === SPX Volume Monitor Started ===
2025-05-19 21:59:50,169 - INFO - --- Starting monitoring cycle ---
2025-05-19 21:59:50,176 - INFO - Reading data from spx_vol.csv
2025-05-19 21:59:50,183 - INFO - Filtering strikes between 5874.15 and 6053.05
2025-05-19 21:59:50,474 - ERROR - Error processing data: Axes.axvspan() missing 2 required positional arguments: 'xmin' and 'xmax'
Traceback (most recent call last):
  File "E:\GEX\GitHub\Gex-Repository\spxvolbar3axes.py", line 171, in process_data
    ax.axvspan(ymin=min(strikes), ymax=zero_cross_strike, color='darkred', alpha=0.2, zorder=0, label='Zona negativa')
    ~~~~~~~~~~^^^^^^^^^^^^^^^^^^^^^^^^^^^^^^^^^^^^^^^^^^^^^^^^^^^^^^^^^^^^^^^^^^^^^^^^^^^^^^^^^^^^^^^^^^^^^^^^^^^^^^^^
TypeError: Axes.axvspan() missing 2 required positional arguments: 'xmin' and 'xmax'
2025-05-19 21:59:50,476 - WARNING - No image generated to post to Discord
2025-05-19 21:59:50,477 - INFO - --- Cycle completed, waiting for next run ---
2025-05-19 22:01:12,309 - INFO - === SPX Volume Monitor Started ===
2025-05-19 22:01:12,310 - INFO - --- Starting monitoring cycle ---
2025-05-19 22:01:12,317 - INFO - Reading data from spx_vol.csv
2025-05-19 22:01:12,324 - INFO - Filtering strikes between 5874.15 and 6053.05
2025-05-19 22:01:13,799 - INFO - Chart saved to output/spx_volume_20250519_220112.png
2025-05-19 22:01:13,800 - INFO - Posting to Discord: output/spx_volume_20250519_220112.png
2025-05-19 22:01:14,588 - INFO - --- Cycle completed, waiting for next run ---
2025-05-19 22:03:19,330 - INFO - === SPX Volume Monitor Started ===
2025-05-19 22:03:19,331 - INFO - --- Starting monitoring cycle ---
2025-05-19 22:03:19,338 - INFO - Reading data from spx_vol.csv
2025-05-19 22:03:19,344 - INFO - Filtering strikes between 5874.15 and 6053.05
2025-05-19 22:03:20,706 - INFO - Chart saved to output/spx_volume_20250519_220319.png
2025-05-19 22:03:20,706 - INFO - Posting to Discord: output/spx_volume_20250519_220319.png
2025-05-19 22:03:21,218 - INFO - --- Cycle completed, waiting for next run ---
2025-05-19 22:04:20,036 - INFO - === SPX Volume Monitor Started ===
2025-05-19 22:04:20,036 - INFO - --- Starting monitoring cycle ---
2025-05-19 22:04:20,046 - INFO - Reading data from spx_vol.csv
2025-05-19 22:04:20,057 - INFO - Filtering strikes between 5874.15 and 6053.05
2025-05-19 22:04:21,444 - INFO - Chart saved to output/spx_volume_20250519_220420.png
2025-05-19 22:04:21,445 - INFO - Posting to Discord: output/spx_volume_20250519_220420.png
2025-05-19 22:04:24,087 - INFO - --- Cycle completed, waiting for next run ---
2025-05-19 22:04:50,504 - INFO - --- Starting monitoring cycle ---
2025-05-19 22:04:50,504 - INFO - Reading data from spx_vol.csv
2025-05-19 22:04:50,511 - INFO - Filtering strikes between 5874.15 and 6053.05
2025-05-19 22:04:50,779 - ERROR - Error processing data: Axes.axvspan() missing 2 required positional arguments: 'xmin' and 'xmax'
Traceback (most recent call last):
  File "E:\GEX\GitHub\Gex-Repository\spxvolbar3axes.py", line 171, in process_data
    #ax.axvspan(ymin=min(strikes), ymax=zero_cross_strike, color='darkred', alpha=0.2, zorder=0, label='Zona negativa')
TypeError: Axes.axvspan() missing 2 required positional arguments: 'xmin' and 'xmax'
2025-05-19 22:04:50,780 - WARNING - No image generated to post to Discord
2025-05-19 22:04:50,780 - INFO - --- Cycle completed, waiting for next run ---
2025-05-19 22:05:05,276 - INFO - === SPX Volume Monitor Started ===
2025-05-19 22:05:05,276 - INFO - --- Starting monitoring cycle ---
2025-05-19 22:05:05,286 - INFO - Reading data from spx_vol.csv
2025-05-19 22:05:05,295 - INFO - Filtering strikes between 5874.15 and 6053.05
2025-05-19 22:05:06,785 - INFO - Chart saved to output/spx_volume_20250519_220505.png
2025-05-19 22:05:06,786 - INFO - Posting to Discord: output/spx_volume_20250519_220505.png
2025-05-19 22:05:07,256 - INFO - --- Cycle completed, waiting for next run ---
2025-05-19 22:06:14,628 - INFO - --- Starting monitoring cycle ---
2025-05-19 22:06:14,629 - INFO - Reading data from spx_vol.csv
2025-05-19 22:06:14,640 - INFO - Filtering strikes between 5874.15 and 6053.05
2025-05-19 22:06:16,612 - INFO - Chart saved to output/spx_volume_20250519_220615.png
2025-05-19 22:06:16,613 - INFO - Posting to Discord: output/spx_volume_20250519_220615.png
2025-05-19 22:06:17,144 - INFO - --- Cycle completed, waiting for next run ---
2025-05-19 22:07:06,216 - INFO - === SPX Volume Monitor Started ===
2025-05-19 22:07:06,216 - INFO - --- Starting monitoring cycle ---
2025-05-19 22:07:06,223 - INFO - Reading data from spx_vol.csv
2025-05-19 22:07:06,231 - INFO - Filtering strikes between 5874.15 and 6053.05
2025-05-19 22:07:06,506 - ERROR - Error processing data: Axes.axvspan() missing 2 required positional arguments: 'xmin' and 'xmax'
Traceback (most recent call last):
  File "E:\GEX\GitHub\Gex-Repository\spxvolbar3axes.py", line 171, in process_data
    ax.axvspan(ymin=min(strikes), ymax=zero_cross_strike, color='darkred', alpha=0.2, zorder=0, label='Zona negativa')
    ~~~~~~~~~~^^^^^^^^^^^^^^^^^^^^^^^^^^^^^^^^^^^^^^^^^^^^^^^^^^^^^^^^^^^^^^^^^^^^^^^^^^^^^^^^^^^^^^^^^^^^^^^^^^^^^^^^
TypeError: Axes.axvspan() missing 2 required positional arguments: 'xmin' and 'xmax'
2025-05-19 22:07:06,508 - WARNING - No image generated to post to Discord
2025-05-19 22:07:06,509 - INFO - --- Cycle completed, waiting for next run ---
2025-05-19 22:09:27,759 - INFO - === SPX Volume Monitor Started ===
2025-05-19 22:09:27,760 - INFO - --- Starting monitoring cycle ---
2025-05-19 22:09:27,767 - INFO - Reading data from spx_vol.csv
2025-05-19 22:09:27,774 - INFO - Filtering strikes between 5874.15 and 6053.05
2025-05-19 22:09:29,240 - INFO - Chart saved to output/spx_volume_20250519_220928.png
2025-05-19 22:09:29,241 - INFO - Posting to Discord: output/spx_volume_20250519_220928.png
2025-05-19 22:09:29,912 - INFO - --- Cycle completed, waiting for next run ---
2025-05-19 22:10:39,389 - INFO - === SPX Volume Monitor Started ===
2025-05-19 22:10:39,390 - INFO - --- Starting monitoring cycle ---
2025-05-19 22:10:39,397 - INFO - Reading data from spx_vol.csv
2025-05-19 22:10:39,403 - INFO - Filtering strikes between 5874.15 and 6053.05
2025-05-19 22:10:40,740 - INFO - Chart saved to output/spx_volume_20250519_221039.png
2025-05-19 22:10:40,741 - INFO - Posting to Discord: output/spx_volume_20250519_221039.png
2025-05-19 22:10:41,346 - INFO - --- Cycle completed, waiting for next run ---
2025-05-19 22:15:21,058 - INFO - === SPX Volume Monitor Started ===
2025-05-19 22:15:21,058 - INFO - --- Starting monitoring cycle ---
2025-05-19 22:15:21,065 - INFO - Reading data from spx_vol.csv
2025-05-19 22:15:21,071 - INFO - Filtering strikes between 5860.75 and 6039.25
2025-05-19 22:15:22,401 - INFO - Chart saved to output/spx_volume_20250519_221521.png
2025-05-19 22:15:22,401 - INFO - Posting to Discord: output/spx_volume_20250519_221521.png
2025-05-19 22:15:22,927 - INFO - --- Cycle completed, waiting for next run ---
2025-05-19 22:20:22,976 - INFO - --- Starting monitoring cycle ---
2025-05-19 22:20:22,976 - INFO - Reading data from spx_vol.csv
2025-05-19 22:20:22,983 - INFO - Filtering strikes between 5860.75 and 6039.25
2025-05-19 22:20:24,792 - INFO - Chart saved to output/spx_volume_20250519_222023.png
2025-05-19 22:20:24,793 - INFO - Posting to Discord: output/spx_volume_20250519_222023.png
2025-05-19 22:20:25,356 - INFO - --- Cycle completed, waiting for next run ---
2025-05-19 22:22:13,176 - INFO - === SPX Volume Monitor Started ===
2025-05-19 22:22:13,176 - INFO - --- Starting monitoring cycle ---
2025-05-19 22:22:13,184 - INFO - Reading data from spx_vol.csv
2025-05-19 22:22:13,191 - INFO - Filtering strikes between 5831.00 and 6069.00
2025-05-19 22:22:13,751 - ERROR - Error processing data: 'int' object has no attribute 'items'
Traceback (most recent call last):
  File "E:\GEX\GitHub\Gex-Repository\spxvolbar3axes.py", line 229, in process_data
    ax.set_xlabel("Volume", label_size)
    ~~~~~~~~~~~~~^^^^^^^^^^^^^^^^^^^^^^
  File "C:\Users\User\AppData\Local\Programs\Python\Python313\Lib\site-packages\matplotlib\axes\_base.py", line 3600, in set_xlabel
    return self.xaxis.set_label_text(xlabel, fontdict, **kwargs)
           ~~~~~~~~~~~~~~~~~~~~~~~~~^^^^^^^^^^^^^^^^^^^^^^^^^^^^
  File "C:\Users\User\AppData\Local\Programs\Python\Python313\Lib\site-packages\matplotlib\axis.py", line 1912, in set_label_text
    self.label.update(fontdict)
    ~~~~~~~~~~~~~~~~~^^^^^^^^^^
  File "C:\Users\User\AppData\Local\Programs\Python\Python313\Lib\site-packages\matplotlib\text.py", line 197, in update
    kwargs = cbook.normalize_kwargs(kwargs, Text)
  File "C:\Users\User\AppData\Local\Programs\Python\Python313\Lib\site-packages\matplotlib\cbook.py", line 1787, in normalize_kwargs
    for k, v in kw.items():
                ^^^^^^^^
AttributeError: 'int' object has no attribute 'items'
2025-05-19 22:22:13,766 - WARNING - No image generated to post to Discord
2025-05-19 22:22:13,767 - INFO - --- Cycle completed, waiting for next run ---
2025-05-19 22:25:54,046 - INFO - === SPX Volume Monitor Started ===
2025-05-19 22:25:54,047 - INFO - --- Starting monitoring cycle ---
2025-05-19 22:25:54,054 - INFO - Reading data from spx_vol.csv
2025-05-19 22:25:54,061 - INFO - Filtering strikes between 5831.00 and 6069.00
2025-05-19 22:25:56,243 - INFO - Chart saved to output/spx_volume_20250519_222554.png
2025-05-19 22:25:56,243 - INFO - Posting to Discord: output/spx_volume_20250519_222554.png
2025-05-19 22:25:56,982 - INFO - --- Cycle completed, waiting for next run ---
2025-05-19 22:26:01,754 - INFO - === SPX Volume Monitor Started ===
2025-05-19 22:26:01,754 - INFO - --- Starting monitoring cycle ---
2025-05-19 22:26:01,761 - INFO - Reading data from spx_vol.csv
2025-05-19 22:26:01,768 - INFO - Filtering strikes between 5831.00 and 6069.00
2025-05-19 22:26:03,616 - INFO - Chart saved to output/spx_volume_20250519_222602.png
2025-05-19 22:26:03,617 - INFO - Posting to Discord: output/spx_volume_20250519_222602.png
2025-05-19 22:26:04,085 - INFO - --- Cycle completed, waiting for next run ---
2025-05-19 22:26:45,424 - INFO - === SPX Volume Monitor Started ===
2025-05-19 22:26:45,424 - INFO - --- Starting monitoring cycle ---
2025-05-19 22:26:45,432 - INFO - Reading data from spx_vol.csv
2025-05-19 22:26:45,439 - INFO - Filtering strikes between 5831.00 and 6069.00
2025-05-19 22:26:47,145 - INFO - Chart saved to output/spx_volume_20250519_222646.png
2025-05-19 22:26:47,145 - INFO - Posting to Discord: output/spx_volume_20250519_222646.png
2025-05-19 22:26:47,681 - INFO - --- Cycle completed, waiting for next run ---
2025-05-19 22:27:13,804 - INFO - --- Starting monitoring cycle ---
2025-05-19 22:27:13,805 - INFO - Reading data from spx_vol.csv
2025-05-19 22:27:13,815 - INFO - Filtering strikes between 5831.00 and 6069.00
2025-05-19 22:27:14,273 - ERROR - Error processing data: 'int' object has no attribute 'items'
Traceback (most recent call last):
  File "E:\GEX\GitHub\Gex-Repository\spxvolbar3axes.py", line 229, in process_data
    ax.set_xlabel("Volume", fontsize=label_size)
    ^^^^^^^^^^^^^^^^^^^^^^^^^^^^^^^^^^^
  File "C:\Users\User\AppData\Local\Programs\Python\Python313\Lib\site-packages\matplotlib\axes\_base.py", line 3600, in set_xlabel
    return self.xaxis.set_label_text(xlabel, fontdict, **kwargs)
           ~~~~~~~~~~~~~~~~~~~~~~~~~^^^^^^^^^^^^^^^^^^^^^^^^^^^^
  File "C:\Users\User\AppData\Local\Programs\Python\Python313\Lib\site-packages\matplotlib\axis.py", line 1912, in set_label_text
    self.label.update(fontdict)
    ~~~~~~~~~~~~~~~~~^^^^^^^^^^
  File "C:\Users\User\AppData\Local\Programs\Python\Python313\Lib\site-packages\matplotlib\text.py", line 197, in update
    kwargs = cbook.normalize_kwargs(kwargs, Text)
  File "C:\Users\User\AppData\Local\Programs\Python\Python313\Lib\site-packages\matplotlib\cbook.py", line 1787, in normalize_kwargs
    for k, v in kw.items():
                ^^^^^^^^
AttributeError: 'int' object has no attribute 'items'
2025-05-19 22:27:14,276 - WARNING - No image generated to post to Discord
2025-05-19 22:27:14,278 - INFO - --- Cycle completed, waiting for next run ---
2025-05-19 22:27:21,504 - INFO - === SPX Volume Monitor Started ===
2025-05-19 22:27:21,504 - INFO - --- Starting monitoring cycle ---
2025-05-19 22:27:21,512 - INFO - Reading data from spx_vol.csv
2025-05-19 22:27:21,518 - INFO - Filtering strikes between 5831.00 and 6069.00
2025-05-19 22:27:23,356 - INFO - Chart saved to output/spx_volume_20250519_222722.png
2025-05-19 22:27:23,356 - INFO - Posting to Discord: output/spx_volume_20250519_222722.png
2025-05-19 22:27:24,015 - INFO - --- Cycle completed, waiting for next run ---
2025-05-19 22:27:43,229 - INFO - === SPX Volume Monitor Started ===
2025-05-19 22:27:43,229 - INFO - --- Starting monitoring cycle ---
2025-05-19 22:27:43,237 - INFO - Reading data from spx_vol.csv
2025-05-19 22:27:43,245 - INFO - Filtering strikes between 5831.00 and 6069.00
2025-05-19 22:27:45,105 - INFO - Chart saved to output/spx_volume_20250519_222743.png
2025-05-19 22:27:45,105 - INFO - Posting to Discord: output/spx_volume_20250519_222743.png
2025-05-19 22:27:45,554 - INFO - --- Cycle completed, waiting for next run ---
2025-05-19 22:28:45,607 - INFO - === SPX Volume Monitor Started ===
2025-05-19 22:28:45,608 - INFO - --- Starting monitoring cycle ---
2025-05-19 22:28:45,615 - INFO - Reading data from spx_vol.csv
2025-05-19 22:28:45,622 - INFO - Filtering strikes between 5831.00 and 6069.00
2025-05-19 22:28:47,363 - INFO - Chart saved to output/spx_volume_20250519_222846.png
2025-05-19 22:28:47,363 - INFO - Posting to Discord: output/spx_volume_20250519_222846.png
2025-05-19 22:28:47,898 - INFO - --- Cycle completed, waiting for next run ---
2025-05-19 22:33:47,936 - INFO - --- Starting monitoring cycle ---
2025-05-19 22:33:47,936 - INFO - Reading data from spx_vol.csv
2025-05-19 22:33:47,943 - INFO - Filtering strikes between 5831.00 and 6069.00
2025-05-19 22:33:49,500 - INFO - Chart saved to output/spx_volume_20250519_223348.png
2025-05-19 22:33:49,500 - INFO - Posting to Discord: output/spx_volume_20250519_223348.png
2025-05-19 22:33:49,971 - INFO - --- Cycle completed, waiting for next run ---
2025-05-19 22:38:50,003 - INFO - --- Starting monitoring cycle ---
2025-05-19 22:38:50,004 - INFO - Reading data from spx_vol.csv
2025-05-19 22:38:50,015 - INFO - Filtering strikes between 5831.00 and 6069.00
2025-05-19 22:38:52,393 - INFO - Chart saved to output/spx_volume_20250519_223850.png
2025-05-19 22:38:52,393 - INFO - Posting to Discord: output/spx_volume_20250519_223850.png
2025-05-19 22:38:52,907 - INFO - --- Cycle completed, waiting for next run ---
2025-05-19 22:43:52,935 - INFO - --- Starting monitoring cycle ---
2025-05-19 22:43:52,936 - INFO - Reading data from spx_vol.csv
2025-05-19 22:43:52,942 - INFO - Filtering strikes between 5831.00 and 6069.00
2025-05-19 22:43:54,820 - INFO - Chart saved to output/spx_volume_20250519_224353.png
2025-05-19 22:43:54,821 - INFO - Posting to Discord: output/spx_volume_20250519_224353.png
2025-05-19 22:43:55,460 - INFO - --- Cycle completed, waiting for next run ---
2025-05-19 22:48:55,488 - INFO - --- Starting monitoring cycle ---
2025-05-19 22:48:55,489 - INFO - Reading data from spx_vol.csv
2025-05-19 22:48:55,508 - INFO - Filtering strikes between 5831.00 and 6069.00
2025-05-19 22:48:57,624 - INFO - Chart saved to output/spx_volume_20250519_224856.png
2025-05-19 22:48:57,624 - INFO - Posting to Discord: output/spx_volume_20250519_224856.png
2025-05-19 22:48:58,385 - INFO - --- Cycle completed, waiting for next run ---
2025-05-19 22:53:58,412 - INFO - --- Starting monitoring cycle ---
2025-05-19 22:53:58,413 - INFO - Reading data from spx_vol.csv
2025-05-19 22:53:58,419 - INFO - Filtering strikes between 5831.00 and 6069.00
2025-05-19 22:54:00,156 - INFO - Chart saved to output/spx_volume_20250519_225358.png
2025-05-19 22:54:00,156 - INFO - Posting to Discord: output/spx_volume_20250519_225358.png
2025-05-19 22:54:00,750 - INFO - --- Cycle completed, waiting for next run ---
2025-05-19 22:59:00,771 - INFO - --- Starting monitoring cycle ---
2025-05-19 22:59:00,772 - INFO - Reading data from spx_vol.csv
2025-05-19 22:59:00,778 - INFO - Filtering strikes between 5831.00 and 6069.00
2025-05-19 22:59:02,612 - INFO - Chart saved to output/spx_volume_20250519_225901.png
2025-05-19 22:59:02,612 - INFO - Posting to Discord: output/spx_volume_20250519_225901.png
2025-05-19 22:59:03,167 - INFO - --- Cycle completed, waiting for next run ---
2025-05-19 23:04:03,187 - INFO - --- Starting monitoring cycle ---
2025-05-19 23:04:03,189 - INFO - Reading data from spx_vol.csv
2025-05-19 23:04:03,198 - INFO - Filtering strikes between 5831.00 and 6069.00
2025-05-19 23:04:05,609 - INFO - Chart saved to output/spx_volume_20250519_230404.png
2025-05-19 23:04:05,610 - INFO - Posting to Discord: output/spx_volume_20250519_230404.png
2025-05-19 23:04:06,152 - INFO - --- Cycle completed, waiting for next run ---
2025-05-19 23:09:06,173 - INFO - --- Starting monitoring cycle ---
2025-05-19 23:09:06,174 - INFO - Reading data from spx_vol.csv
2025-05-19 23:09:06,179 - INFO - Filtering strikes between 5831.00 and 6069.00
2025-05-19 23:09:08,700 - INFO - Chart saved to output/spx_volume_20250519_230907.png
2025-05-19 23:09:08,700 - INFO - Posting to Discord: output/spx_volume_20250519_230907.png
2025-05-19 23:09:09,218 - INFO - --- Cycle completed, waiting for next run ---
2025-05-19 23:14:09,235 - INFO - --- Starting monitoring cycle ---
2025-05-19 23:14:09,235 - INFO - Reading data from spx_vol.csv
2025-05-19 23:14:09,241 - INFO - Filtering strikes between 5831.00 and 6069.00
2025-05-19 23:14:11,100 - INFO - Chart saved to output/spx_volume_20250519_231409.png
2025-05-19 23:14:11,101 - INFO - Posting to Discord: output/spx_volume_20250519_231409.png
2025-05-19 23:14:11,557 - INFO - --- Cycle completed, waiting for next run ---
2025-05-19 23:19:11,573 - INFO - --- Starting monitoring cycle ---
2025-05-19 23:19:11,574 - INFO - Reading data from spx_vol.csv
2025-05-19 23:19:11,580 - INFO - Filtering strikes between 5831.00 and 6069.00
2025-05-19 23:19:13,145 - INFO - Chart saved to output/spx_volume_20250519_231912.png
2025-05-19 23:19:13,145 - INFO - Posting to Discord: output/spx_volume_20250519_231912.png
2025-05-19 23:19:13,690 - INFO - --- Cycle completed, waiting for next run ---
2025-05-19 23:24:13,706 - INFO - --- Starting monitoring cycle ---
2025-05-19 23:24:13,706 - INFO - Reading data from spx_vol.csv
2025-05-19 23:24:13,712 - INFO - Filtering strikes between 5831.00 and 6069.00
2025-05-19 23:24:15,620 - INFO - Chart saved to output/spx_volume_20250519_232414.png
2025-05-19 23:24:15,623 - INFO - Posting to Discord: output/spx_volume_20250519_232414.png
2025-05-19 23:24:16,072 - INFO - --- Cycle completed, waiting for next run ---
2025-05-19 23:29:16,087 - INFO - --- Starting monitoring cycle ---
2025-05-19 23:29:16,088 - INFO - Reading data from spx_vol.csv
2025-05-19 23:29:16,095 - INFO - Filtering strikes between 5831.00 and 6069.00
2025-05-19 23:29:17,967 - INFO - Chart saved to output/spx_volume_20250519_232916.png
2025-05-19 23:29:17,968 - INFO - Posting to Discord: output/spx_volume_20250519_232916.png
2025-05-19 23:29:18,759 - INFO - --- Cycle completed, waiting for next run ---
2025-05-19 23:34:18,772 - INFO - --- Starting monitoring cycle ---
2025-05-19 23:34:18,772 - INFO - Reading data from spx_vol.csv
2025-05-19 23:34:18,779 - INFO - Filtering strikes between 5831.00 and 6069.00
2025-05-19 23:34:20,632 - INFO - Chart saved to output/spx_volume_20250519_233419.png
2025-05-19 23:34:20,633 - INFO - Posting to Discord: output/spx_volume_20250519_233419.png
2025-05-19 23:34:21,131 - INFO - --- Cycle completed, waiting for next run ---
2025-05-19 23:39:21,143 - INFO - --- Starting monitoring cycle ---
2025-05-19 23:39:21,144 - INFO - Reading data from spx_vol.csv
2025-05-19 23:39:21,151 - INFO - Filtering strikes between 5831.00 and 6069.00
2025-05-19 23:39:23,143 - INFO - Chart saved to output/spx_volume_20250519_233921.png
2025-05-19 23:39:23,144 - INFO - Posting to Discord: output/spx_volume_20250519_233921.png
2025-05-19 23:39:23,615 - INFO - --- Cycle completed, waiting for next run ---
2025-05-19 23:44:23,628 - INFO - --- Starting monitoring cycle ---
2025-05-19 23:44:23,628 - INFO - Reading data from spx_vol.csv
2025-05-19 23:44:23,634 - INFO - Filtering strikes between 5831.00 and 6069.00
2025-05-19 23:44:25,940 - INFO - Chart saved to output/spx_volume_20250519_234424.png
2025-05-19 23:44:25,940 - INFO - Posting to Discord: output/spx_volume_20250519_234424.png
2025-05-19 23:44:26,403 - INFO - --- Cycle completed, waiting for next run ---
2025-05-19 23:49:26,413 - INFO - --- Starting monitoring cycle ---
2025-05-19 23:49:26,414 - INFO - Reading data from spx_vol.csv
2025-05-19 23:49:26,420 - INFO - Filtering strikes between 5831.00 and 6069.00
2025-05-19 23:49:29,078 - INFO - Chart saved to output/spx_volume_20250519_234926.png
2025-05-19 23:49:29,079 - INFO - Posting to Discord: output/spx_volume_20250519_234926.png
2025-05-19 23:49:29,614 - INFO - --- Cycle completed, waiting for next run ---
2025-05-19 23:54:29,624 - INFO - --- Starting monitoring cycle ---
2025-05-19 23:54:29,625 - INFO - Reading data from spx_vol.csv
2025-05-19 23:54:29,630 - INFO - Filtering strikes between 5831.00 and 6069.00
2025-05-19 23:54:31,668 - INFO - Chart saved to output/spx_volume_20250519_235430.png
2025-05-19 23:54:31,669 - INFO - Posting to Discord: output/spx_volume_20250519_235430.png
2025-05-19 23:54:32,258 - INFO - --- Cycle completed, waiting for next run ---
2025-05-19 23:59:32,318 - INFO - --- Starting monitoring cycle ---
2025-05-19 23:59:32,319 - INFO - Reading data from spx_vol.csv
2025-05-19 23:59:32,329 - INFO - Filtering strikes between 5831.00 and 6069.00
2025-05-19 23:59:34,906 - INFO - Chart saved to output/spx_volume_20250519_235932.png
2025-05-19 23:59:34,906 - INFO - Posting to Discord: output/spx_volume_20250519_235932.png
2025-05-19 23:59:35,427 - INFO - --- Cycle completed, waiting for next run ---
2025-05-20 00:04:35,427 - INFO - --- Starting monitoring cycle ---
2025-05-20 00:04:35,428 - INFO - Reading data from spx_vol.csv
2025-05-20 00:04:35,434 - INFO - Filtering strikes between 5831.00 and 6069.00
2025-05-20 00:04:37,398 - INFO - Chart saved to output/spx_volume_20250520_000435.png
2025-05-20 00:04:37,399 - INFO - Posting to Discord: output/spx_volume_20250520_000435.png
2025-05-20 00:04:38,303 - INFO - --- Cycle completed, waiting for next run ---
